<?xml version="1.0" encoding="UTF-8" ?>
<testsuite tests="11" failures="0" name="hr.fer.oprpp1.custom.collections.DictionaryTest" time="0" errors="0" skipped="0">
  <properties>
    <property name="java.runtime.name" value="OpenJDK Runtime Environment"/>
    <property name="java.vm.version" value="19"/>
    <property name="sun.boot.library.path" value="/usr/local/Cellar/openjdk/19/libexec/openjdk.jdk/Contents/Home/lib"/>
    <property name="maven.multiModuleProjectDirectory" value="/Users/jrajcic/Desktop/faks/oprpp1/dz/hw03_0036536053"/>
    <property name="java.vm.vendor" value="Homebrew"/>
    <property name="java.vendor.url" value="https://github.com/Homebrew/homebrew-core/issues"/>
    <property name="guice.disable.misplaced.annotation.check" value="true"/>
    <property name="path.separator" value=":"/>
    <property name="java.vm.name" value="OpenJDK 64-Bit Server VM"/>
    <property name="user.country" value="HR"/>
    <property name="sun.java.launcher" value="SUN_STANDARD"/>
    <property name="java.vm.specification.name" value="Java Virtual Machine Specification"/>
    <property name="user.dir" value="/Users/jrajcic/Desktop/faks/oprpp1/dz/hw03_0036536053"/>
    <property name="java.vm.compressedOopsMode" value="Zero based"/>
    <property name="java.runtime.version" value="19"/>
    <property name="os.arch" value="x86_64"/>
    <property name="java.io.tmpdir" value="/var/folders/5g/b9j9w6h17_s6g30651y3h5qcnxd657/T/"/>
    <property name="line.separator" value="
"/>
    <property name="java.vm.specification.vendor" value="Oracle Corporation"/>
    <property name="stderr.encoding" value="UTF-8"/>
    <property name="os.name" value="Mac OS X"/>
    <property name="classworlds.conf" value="/usr/local/Cellar/maven/3.8.6/libexec/bin/m2.conf"/>
    <property name="sun.jnu.encoding" value="UTF-8"/>
    <property name="stdout.encoding" value="UTF-8"/>
    <property name="java.library.path" value="/Users/jrajcic/Library/Java/Extensions:/Library/Java/Extensions:/Network/Library/Java/Extensions:/System/Library/Java/Extensions:/usr/lib/java:."/>
    <property name="maven.conf" value="/usr/local/Cellar/maven/3.8.6/libexec/conf"/>
    <property name="jdk.debug" value="release"/>
    <property name="java.class.version" value="63.0"/>
    <property name="java.specification.name" value="Java Platform API Specification"/>
    <property name="sun.management.compiler" value="HotSpot 64-Bit Tiered Compilers"/>
    <property name="os.version" value="12.5.1"/>
    <property name="library.jansi.path" value="/usr/local/Cellar/maven/3.8.6/libexec/lib/jansi-native"/>
    <property name="user.home" value="/Users/jrajcic"/>
    <property name="user.timezone" value="Europe/Zagreb"/>
    <property name="file.encoding" value="UTF-8"/>
    <property name="java.specification.version" value="19"/>
    <property name="user.name" value="jrajcic"/>
    <property name="java.class.path" value="/usr/local/Cellar/maven/3.8.6/libexec/boot/plexus-classworlds-2.6.0.jar"/>
    <property name="java.vm.specification.version" value="19"/>
    <property name="sun.arch.data.model" value="64"/>
    <property name="sun.java.command" value="org.codehaus.plexus.classworlds.launcher.Launcher test"/>
    <property name="java.home" value="/usr/local/Cellar/openjdk/19/libexec/openjdk.jdk/Contents/Home"/>
    <property name="apple.awt.application.name" value="Launcher"/>
    <property name="user.language" value="en"/>
    <property name="java.specification.vendor" value="Oracle Corporation"/>
    <property name="java.vm.info" value="mixed mode, sharing"/>
    <property name="java.version" value="19"/>
    <property name="native.encoding" value="UTF-8"/>
    <property name="java.vendor" value="Homebrew"/>
    <property name="maven.home" value="/usr/local/Cellar/maven/3.8.6/libexec"/>
    <property name="file.separator" value="/"/>
    <property name="java.version.date" value="2022-09-20"/>
    <property name="java.vendor.url.bug" value="https://github.com/Homebrew/homebrew-core/issues"/>
    <property name="sun.io.unicode.encoding" value="UnicodeBig"/>
    <property name="sun.cpu.endian" value="little"/>
    <property name="java.vendor.version" value="Homebrew"/>
  </properties>
  <testcase classname="hr.fer.oprpp1.custom.collections.DictionaryTest" name="hr.fer.oprpp1.custom.collections.DictionaryTest.testGetThrowsNullPointerException" time="0"/>
  <testcase classname="hr.fer.oprpp1.custom.collections.DictionaryTest" name="hr.fer.oprpp1.custom.collections.DictionaryTest.testClear" time="0"/>
  <testcase classname="hr.fer.oprpp1.custom.collections.DictionaryTest" name="hr.fer.oprpp1.custom.collections.DictionaryTest.testIsEmpty" time="0"/>
  <testcase classname="hr.fer.oprpp1.custom.collections.DictionaryTest" name="hr.fer.oprpp1.custom.collections.DictionaryTest.testSize" time="0"/>
  <testcase classname="hr.fer.oprpp1.custom.collections.DictionaryTest" name="hr.fer.oprpp1.custom.collections.DictionaryTest.testPutThrowsNullPointerException" time="0"/>
  <testcase classname="hr.fer.oprpp1.custom.collections.DictionaryTest" name="hr.fer.oprpp1.custom.collections.DictionaryTest.testPutReturnsNullValueAndUpdaes" time="0"/>
  <testcase classname="hr.fer.oprpp1.custom.collections.DictionaryTest" name="hr.fer.oprpp1.custom.collections.DictionaryTest.testPutRandom" time="0"/>
  <testcase classname="hr.fer.oprpp1.custom.collections.DictionaryTest" name="hr.fer.oprpp1.custom.collections.DictionaryTest.testAddPair" time="0"/>
  <testcase classname="hr.fer.oprpp1.custom.collections.DictionaryTest" name="hr.fer.oprpp1.custom.collections.DictionaryTest.testRemoveThrowsNullPointerException" time="0"/>
  <testcase classname="hr.fer.oprpp1.custom.collections.DictionaryTest" name="hr.fer.oprpp1.custom.collections.DictionaryTest.testRemovePairThatIsNotInDictionary" time="0"/>
  <testcase classname="hr.fer.oprpp1.custom.collections.DictionaryTest" name="hr.fer.oprpp1.custom.collections.DictionaryTest.testRemoveEntireDictionaryWithRemoveMethod" time="0"/>
</testsuite>